2022-11-26:13:18:37	root	INFO	[Classes.py:483]	Init crawl on http://wordpressbw.csl.toronto.edu/wp-admin/
2022-11-26:13:18:37	root	INFO	[Classes.py:127]	failed to add node [get] http://wordpressbw.csl.toronto.edu/wp-admin/, already added
2022-11-26:13:18:37	root	WARNING	[Classes.py:149]	Failed to connect edge, get None (True True False)
2022-11-26:13:18:37	root	INFO	[Functions.py:163]	Check edge: [get] ROOTREQ -(get None[False])-> [get] http://wordpressbw.csl.toronto.edu/wp-admin/
2022-11-26:13:18:37	root	INFO	[Functions.py:207]	Follow edge: [get] ROOTREQ -(get None[False])-> [get] http://wordpressbw.csl.toronto.edu/wp-admin/
2022-11-26:13:18:38	root	INFO	[Classes.py:1348]	Current url: http://wordpressbw.csl.toronto.edu/wp-login.php?redirect_to=http%3A%2F%2Fwordpressbw.csl.toronto.edu%2Fwp-admin%2F&reauth=1
2022-11-26:13:18:38	root	INFO	[Classes.py:1349]	Crawl (edge): [get] ROOTREQ -(get None[False])-> [get] http://wordpressbw.csl.toronto.edu/wp-admin/
2022-11-26:13:18:39	root	ERROR	[Classes.py:340]	Unknown button ('button', '', '')
2022-11-26:13:18:39	root	INFO	[Functions.py:889]	NEED TO LOGIN FOR FORM: Form(7, http://wordpressbw.csl.toronto.edu/wp-login.php, post)
2022-11-26:13:18:39	root	INFO	[Classes.py:1426]	Found login form
2022-11-26:13:18:39	root	INFO	[Functions.py:833]	set_form_values got 1
2022-11-26:13:18:39	root	INFO	[Functions.py:846]	set_form_values returned 2
2022-11-26:13:18:39	root	DEBUG	[Functions.py:436]	Filling Form(7, http://wordpressbw.csl.toronto.edu/wp-login.php, post)
2022-11-26:13:18:39	root	INFO	[Functions.py:445]	No alert removed (probably due to there not being any)
2022-11-26:13:18:39	root	ERROR	[Classes.py:340]	Unknown button ('button', '', '')
2022-11-26:13:18:39	root	WARNING	[Functions.py:511]	Default handling for ('text', 'log', None) 
2022-11-26:13:18:39	root	INFO	[Functions.py:574]	Filling in input log
2022-11-26:13:18:39	root	WARNING	[Functions.py:511]	Default handling for ('password', 'pwd', None) 
2022-11-26:13:18:39	root	INFO	[Functions.py:574]	Filling in input pwd
2022-11-26:13:18:39	root	WARNING	[Classes.py:1433]	Failed to login to potiential login form
2022-11-26:13:18:39	root	ERROR	[Classes.py:569]	('Connection aborted.', ConnectionResetError(104, 'Connection reset by peer'))
2022-11-26:13:18:39	root	ERROR	[Classes.py:571]	Top level error while crawling
2022-11-26:13:18:39	root	WARNING	[Classes.py:1301]	Falling back to GET
2022-11-26:13:18:39	root	WARNING	[Classes.py:1301]	Falling back to GET
2022-11-26:13:18:39	root	INFO	[Functions.py:163]	Check edge: [get] ROOTREQ -(get None[False])-> [get] http://wordpressbw.csl.toronto.edu/wp-admin/
2022-11-26:13:18:39	root	INFO	[Functions.py:207]	Follow edge: [get] ROOTREQ -(get None[False])-> [get] http://wordpressbw.csl.toronto.edu/wp-admin/
2022-11-26:13:18:39	root	ERROR	[Classes.py:569]	HTTPConnectionPool(host='127.0.0.1', port=60379): Max retries exceeded with url: /session/b39ee7c2ebb89c8ef26d0bff99eb3861/url (Caused by NewConnectionError('<urllib3.connection.HTTPConnection object at 0x7f0418ec3fa0>: Failed to establish a new connection: [Errno 111] Connection refused'))
2022-11-26:13:18:39	root	ERROR	[Classes.py:571]	Top level error while crawling
